"../../../../../../Users/AbraChupaCabra/Documents/Unreal Projects/PartialSui/Content/wall_RunAble.uasset" 0
"../../../../../../Users/AbraChupaCabra/Documents/Unreal Projects/PartialSui/Content/NPC/NewBlueprint.uasset" 1
"../../../Engine/Content/EngineMeshes/Humanoid.uasset" 2
"../../../../../../Users/AbraChupaCabra/Documents/Unreal Projects/PartialSui/Content/Player/Animations/mixamo/Quick_Roll_To_Run_Skeleton.uasset" 3
"../../../../../../Users/AbraChupaCabra/Documents/Unreal Projects/PartialSui/Content/Player/Animations/mixamo/Diagonal_Wall_Run_PhysicsAsset.uasset" 4
"../../../../../../Users/AbraChupaCabra/Documents/Unreal Projects/PartialSui/Content/Player/Animations/mixamo/Beta_Joints_MAT.uasset" 5
"../../../../../../Users/AbraChupaCabra/Documents/Unreal Projects/PartialSui/Content/Player/Animations/mixamo/Beta_HighLimbsGeoSG2.uasset" 6
"../../../../../../Users/AbraChupaCabra/Documents/Unreal Projects/PartialSui/Content/Player/Animations/mixamo/Diagonal_Wall_Run.uasset" 7
"../../../Engine/Content/Animation/DefaultAnimCurveCompressionSettings.uasset" 8
"../../../Engine/Content/Animation/DefaultAnimBoneCompressionSettings.uasset" 9
"../../../../../../Users/AbraChupaCabra/Documents/Unreal Projects/PartialSui/Content/Player/Animations/mixamo/Diagonal_Wall_Run_Anim.uasset" 10
"../../../../../../Users/AbraChupaCabra/Documents/Unreal Projects/PartialSui/Content/Player/Animations/mixamo/Quick_Roll_To_Run_PhysicsAsset.uasset" 11
"../../../../../../Users/AbraChupaCabra/Documents/Unreal Projects/PartialSui/Content/Player/Animations/mixamo/Quick_Roll_To_Run.uasset" 12
"../../../../../../Users/AbraChupaCabra/Documents/Unreal Projects/PartialSui/Content/Player/Animations/mixamo/Quick_Roll_To_Run_Anim.uasset" 13
"../../../../../../Users/AbraChupaCabra/Documents/Unreal Projects/PartialSui/Content/Player/Animations/mixamo/Right_Turn_Skeleton.uasset" 14
"../../../../../../Users/AbraChupaCabra/Documents/Unreal Projects/PartialSui/Content/Player/Animations/mixamo/Wall_Run_new_PhysicsAsset.uasset" 15
"../../../../../../Users/AbraChupaCabra/Documents/Unreal Projects/PartialSui/Content/Player/Animations/mixamo/Wall_Run_new.uasset" 16
"../../../../../../Users/AbraChupaCabra/Documents/Unreal Projects/PartialSui/Content/Player/Animations/mixamo/Wall_Run_new_Anim.uasset" 17
"../../../../../../Users/AbraChupaCabra/Documents/Unreal Projects/PartialSui/Content/Player/PN_LowpolyGras/UE4_ThirdPerson/Mannequin/Character/Mesh/UE4_Mannequin_Skeleton.uasset" 18
"../../../../../../Users/AbraChupaCabra/Documents/Unreal Projects/PartialSui/Content/Player/Animations/Retargeted/anim_wallRunNew.uasset" 19
"../../../../../../Users/AbraChupaCabra/Documents/Unreal Projects/PartialSui/Content/Player/Animations/Retargeted/montage_wallRun.uasset" 20
"../../../../../../Users/AbraChupaCabra/Documents/Unreal Projects/PartialSui/Content/materials/recoveryMark.uasset" 21
"../../../../../../Users/AbraChupaCabra/Documents/Unreal Projects/PartialSui/Content/materials/recoveryMark_Mat.uasset" 22
"../../../../../../Users/AbraChupaCabra/Documents/Unreal Projects/PartialSui/Content/NPC/NPCAnim/mixamo/Hit_To_Body_PhysicsAsset.uasset" 23
"../../../../../../Users/AbraChupaCabra/Documents/Unreal Projects/PartialSui/Content/NPC/NPCAnim/mixamo/Beta_Joints_MAT.uasset" 24
"../../../../../../Users/AbraChupaCabra/Documents/Unreal Projects/PartialSui/Content/NPC/NPCAnim/mixamo/Beta_HighLimbsGeoSG2.uasset" 25
"../../../../../../Users/AbraChupaCabra/Documents/Unreal Projects/PartialSui/Content/NPC/NPCAnim/mixamo/Hit_To_Body.uasset" 26
"../../../../../../Users/AbraChupaCabra/Documents/Unreal Projects/PartialSui/Content/NPC/NPCAnim/mixamo/Hit_To_Body_Anim.uasset" 27
"../../../../../../Users/AbraChupaCabra/Documents/Unreal Projects/PartialSui/Content/NPC/NPCAnim/mixamo/Standing_Death_Backward_01_PhysicsAsset.uasset" 28
"../../../../../../Users/AbraChupaCabra/Documents/Unreal Projects/PartialSui/Content/NPC/Beta_Joints_MAT.uasset" 29
"../../../../../../Users/AbraChupaCabra/Documents/Unreal Projects/PartialSui/Content/NPC/Beta_HighLimbsGeoSG2.uasset" 30
"../../../../../../Users/AbraChupaCabra/Documents/Unreal Projects/PartialSui/Content/NPC/NPCAnim/mixamo/Standing_Death_Backward_01.uasset" 31
"../../../../../../Users/AbraChupaCabra/Documents/Unreal Projects/PartialSui/Content/NPC/NPCAnim/mixamo/Standing_Death_Backward_01_Anim.uasset" 32
"../../../../../../Users/AbraChupaCabra/Documents/Unreal Projects/PartialSui/Content/NPC/NPCAnim/mixamo/Stomach_Hit_PhysicsAsset.uasset" 33
"../../../../../../Users/AbraChupaCabra/Documents/Unreal Projects/PartialSui/Content/NPC/NPCAnim/mixamo/Stomach_Hit.uasset" 34
"../../../../../../Users/AbraChupaCabra/Documents/Unreal Projects/PartialSui/Content/NPC/NPCAnim/mixamo/Stomach_Hit_Anim.uasset" 35
"../../../../../../Users/AbraChupaCabra/Documents/Unreal Projects/PartialSui/Content/NPC/NPCAnim/retargeted/anim_death.uasset" 36
"../../../../../../Users/AbraChupaCabra/Documents/Unreal Projects/PartialSui/Content/NPC/NPCAnim/retargeted/montage_death.uasset" 37
"../../../../../../Users/AbraChupaCabra/Documents/Unreal Projects/PartialSui/Content/NPC/NPCAnim/retargeted/anim_hitBodyMed.uasset" 38
"../../../../../../Users/AbraChupaCabra/Documents/Unreal Projects/PartialSui/Content/NPC/NPCAnim/retargeted/montage_hitMed.uasset" 39
"../../../../../../Users/AbraChupaCabra/Documents/Unreal Projects/PartialSui/Content/NPC/tasks/task_attackingDistance.uasset" 40
"../../../../../../Users/AbraChupaCabra/Documents/Unreal Projects/PartialSui/Content/NPC/tasks/task_findPlayer.uasset" 41
"../../../../../../Users/AbraChupaCabra/Documents/Unreal Projects/PartialSui/Content/NPC/tasks/task_recoveryTime.uasset" 42
"../../../../../../Users/AbraChupaCabra/Documents/Unreal Projects/PartialSui/Content/Player/Animations/mixamo/BoxingOld_PhysicsAsset.uasset" 43
"../../../../../../Users/AbraChupaCabra/Documents/Unreal Projects/PartialSui/Content/Player/Animations/mixamo/BoxingOLd.uasset" 44
"../../../../../../Users/AbraChupaCabra/Documents/Unreal Projects/PartialSui/Content/Player/Animations/mixamo/BoxingOld_Anim.uasset" 45
"../../../../../../Users/AbraChupaCabra/Documents/Unreal Projects/PartialSui/Content/Player/Animations/mixamo/Elbow_Punch_PhysicsAsset.uasset" 46
"../../../../../../Users/AbraChupaCabra/Documents/Unreal Projects/PartialSui/Content/Player/Animations/mixamo/Elbow_Punch.uasset" 47
"../../../../../../Users/AbraChupaCabra/Documents/Unreal Projects/PartialSui/Content/Player/Animations/mixamo/Elbow_Punch_Anim.uasset" 48
"../../../../../../Users/AbraChupaCabra/Documents/Unreal Projects/PartialSui/Content/Player/Animations/mixamo/Falling_Idle_PhysicsAsset.uasset" 49
"../../../../../../Users/AbraChupaCabra/Documents/Unreal Projects/PartialSui/Content/Player/Animations/mixamo/Falling_Idle.uasset" 50
"../../../../../../Users/AbraChupaCabra/Documents/Unreal Projects/PartialSui/Content/Player/Animations/mixamo/Falling_Idle_Anim.uasset" 51
"../../../../../../Users/AbraChupaCabra/Documents/Unreal Projects/PartialSui/Content/Player/Animations/mixamo/Flying_Kick_PhysicsAsset.uasset" 52
"../../../../../../Users/AbraChupaCabra/Documents/Unreal Projects/PartialSui/Content/Player/Animations/mixamo/Flying_Kick.uasset" 53
"../../../../../../Users/AbraChupaCabra/Documents/Unreal Projects/PartialSui/Content/Player/Animations/mixamo/Flying_Kick_Anim.uasset" 54
"../../../../../../Users/AbraChupaCabra/Documents/Unreal Projects/PartialSui/Content/Player/Animations/mixamo/Flying_Knee_Punch_Combo_PhysicsAsset.uasset" 55
"../../../../../../Users/AbraChupaCabra/Documents/Unreal Projects/PartialSui/Content/Player/Animations/mixamo/Flying_Knee_Punch_Combo.uasset" 56
"../../../../../../Users/AbraChupaCabra/Documents/Unreal Projects/PartialSui/Content/Player/Animations/mixamo/Flying_Knee_Punch_Combo_Anim.uasset" 57
"../../../../../../Users/AbraChupaCabra/Documents/Unreal Projects/PartialSui/Content/Player/Animations/mixamo/Hard_Landing_PhysicsAsset.uasset" 58
"../../../../../../Users/AbraChupaCabra/Documents/Unreal Projects/PartialSui/Content/Player/Animations/mixamo/Hard_Landing.uasset" 59
"../../../../../../Users/AbraChupaCabra/Documents/Unreal Projects/PartialSui/Content/Player/Animations/mixamo/Hard_Landing_Anim.uasset" 60
"../../../../../../Users/AbraChupaCabra/Documents/Unreal Projects/PartialSui/Content/Player/Animations/mixamo/Jumping_Down_Anim.uasset" 61
"../../../../../../Users/AbraChupaCabra/Documents/Unreal Projects/PartialSui/Content/Player/Animations/mixamo/Jumping_Down_PhysicsAsset.uasset" 62
"../../../../../../Users/AbraChupaCabra/Documents/Unreal Projects/PartialSui/Content/Player/Animations/mixamo/Jumping_PhysicsAsset.uasset" 63
"../../../../../../Users/AbraChupaCabra/Documents/Unreal Projects/PartialSui/Content/Player/Animations/mixamo/Jumping_Up_PhysicsAsset.uasset" 64
"../../../../../../Users/AbraChupaCabra/Documents/Unreal Projects/PartialSui/Content/Player/Animations/mixamo/Jumping_Up.uasset" 65
"../../../../../../Users/AbraChupaCabra/Documents/Unreal Projects/PartialSui/Content/Player/Animations/mixamo/Jumping_Up_Anim.uasset" 66
"../../../../../../Users/AbraChupaCabra/Documents/Unreal Projects/PartialSui/Content/Player/Animations/mixamo/Jumping__1__PhysicsAsset.uasset" 67
"../../../../../../Users/AbraChupaCabra/Documents/Unreal Projects/PartialSui/Content/Player/Animations/mixamo/Jumping__1_.uasset" 68
"../../../../../../Users/AbraChupaCabra/Documents/Unreal Projects/PartialSui/Content/Player/Animations/mixamo/Jumping__1__Anim.uasset" 69
"../../../../../../Users/AbraChupaCabra/Documents/Unreal Projects/PartialSui/Content/Player/Animations/mixamo/Jumping__2__PhysicsAsset.uasset" 70
"../../../../../../Users/AbraChupaCabra/Documents/Unreal Projects/PartialSui/Content/Player/Animations/mixamo/Jumping__2_.uasset" 71
"../../../../../../Users/AbraChupaCabra/Documents/Unreal Projects/PartialSui/Content/Player/Animations/mixamo/Jumping__2__Anim.uasset" 72
"../../../../../../Users/AbraChupaCabra/Documents/Unreal Projects/PartialSui/Content/Player/Animations/mixamo/Jumping__3__PhysicsAsset.uasset" 73
"../../../../../../Users/AbraChupaCabra/Documents/Unreal Projects/PartialSui/Content/Player/Animations/mixamo/Jumping__3_.uasset" 74
"../../../../../../Users/AbraChupaCabra/Documents/Unreal Projects/PartialSui/Content/Player/Animations/mixamo/Jumping__3__Anim.uasset" 75
"../../../../../../Users/AbraChupaCabra/Documents/Unreal Projects/PartialSui/Content/Player/Animations/mixamo/Kicking_PhysicsAsset.uasset" 76
"../../../../../../Users/AbraChupaCabra/Documents/Unreal Projects/PartialSui/Content/Player/Animations/mixamo/Kicking.uasset" 77
"../../../../../../Users/AbraChupaCabra/Documents/Unreal Projects/PartialSui/Content/Player/Animations/mixamo/Kicking_Anim.uasset" 78
"../../../../../../Users/AbraChupaCabra/Documents/Unreal Projects/PartialSui/Content/Player/Animations/mixamo/KneeLight_PhysicsAsset.uasset" 79
"../../../../../../Users/AbraChupaCabra/Documents/Unreal Projects/PartialSui/Content/Player/Animations/mixamo/KneeLight.uasset" 80
"../../../../../../Users/AbraChupaCabra/Documents/Unreal Projects/PartialSui/Content/Player/Animations/mixamo/KneeLight_Anim.uasset" 81
"../../../../../../Users/AbraChupaCabra/Documents/Unreal Projects/PartialSui/Content/Player/Animations/mixamo/Knee_Kick_Lead_PhysicsAsset.uasset" 82
"../../../../../../Users/AbraChupaCabra/Documents/Unreal Projects/PartialSui/Content/Player/Animations/mixamo/Knee_Kick_Lead.uasset" 83
"../../../../../../Users/AbraChupaCabra/Documents/Unreal Projects/PartialSui/Content/Player/Animations/mixamo/Knee_Kick_Lead_Anim.uasset" 84
"../../../../../../Users/AbraChupaCabra/Documents/Unreal Projects/PartialSui/Content/Player/Animations/mixamo/Right_Turn_PhysicsAsset.uasset" 85
"../../../../../../Users/AbraChupaCabra/Documents/Unreal Projects/PartialSui/Content/Player/Animations/mixamo/Right_Turn.uasset" 86
"../../../../../../Users/AbraChupaCabra/Documents/Unreal Projects/PartialSui/Content/Player/Animations/mixamo/Right_Turn_Anim.uasset" 87
"../../../../../../Users/AbraChupaCabra/Documents/Unreal Projects/PartialSui/Content/Player/Animations/mixamo/Roundhouse_Kick_PhysicsAsset.uasset" 88
"../../../../../../Users/AbraChupaCabra/Documents/Unreal Projects/PartialSui/Content/Player/Animations/mixamo/Roundhouse_Kick.uasset" 89
"../../../../../../Users/AbraChupaCabra/Documents/Unreal Projects/PartialSui/Content/Player/Animations/mixamo/Roundhouse_Kick_Anim.uasset" 90
"../../../../../../Users/AbraChupaCabra/Documents/Unreal Projects/PartialSui/Content/Player/Animations/mixamo/Running_Turn_180_PhysicsAsset.uasset" 91
"../../../../../../Users/AbraChupaCabra/Documents/Unreal Projects/PartialSui/Content/Player/Animations/mixamo/Running_Turn_180.uasset" 92
"../../../../../../Users/AbraChupaCabra/Documents/Unreal Projects/PartialSui/Content/Player/Animations/mixamo/Running_Turn_180_Anim.uasset" 93
"../../../../../../Users/AbraChupaCabra/Documents/Unreal Projects/PartialSui/Content/Player/Animations/mixamo/Sprinting_Forward_Roll_PhysicsAsset.uasset" 94
"../../../../../../Users/AbraChupaCabra/Documents/Unreal Projects/PartialSui/Content/Player/Animations/mixamo/Sprinting_Forward_Roll.uasset" 95
"../../../../../../Users/AbraChupaCabra/Documents/Unreal Projects/PartialSui/Content/Player/Animations/mixamo/Sprinting_Forward_Roll_Anim.uasset" 96
"../../../../../../Users/AbraChupaCabra/Documents/Unreal Projects/PartialSui/Content/Player/Animations/mixamo/Sprint_To_Wall_Climb_PhysicsAsset.uasset" 97
"../../../../../../Users/AbraChupaCabra/Documents/Unreal Projects/PartialSui/Content/Player/Animations/mixamo/Sprint_To_Wall_Climb.uasset" 98
"../../../../../../Users/AbraChupaCabra/Documents/Unreal Projects/PartialSui/Content/Player/Animations/mixamo/Sprint_To_Wall_Climb_Anim.uasset" 99
"../../../../../../Users/AbraChupaCabra/Documents/Unreal Projects/PartialSui/Content/Player/Animations/mixamo/Walking_Turn_180_PhysicsAsset.uasset" 100
"../../../../../../Users/AbraChupaCabra/Documents/Unreal Projects/PartialSui/Content/Player/Animations/mixamo/Walking_Turn_180.uasset" 101
"../../../../../../Users/AbraChupaCabra/Documents/Unreal Projects/PartialSui/Content/Player/Animations/mixamo/Walking_Turn_180_Anim.uasset" 102
"../../../../../../Users/AbraChupaCabra/Documents/Unreal Projects/PartialSui/Content/Player/Animations/Retargeted/anim_falling.uasset" 103
"../../../../../../Users/AbraChupaCabra/Documents/Unreal Projects/PartialSui/Content/Player/Animations/Retargeted/anim_landHard.uasset" 104
"../../../../../../Users/AbraChupaCabra/Documents/Unreal Projects/PartialSui/Content/Player/Animations/Retargeted/anim_RightTurnIdle.uasset" 105
"../../../../../../Users/AbraChupaCabra/Documents/Unreal Projects/PartialSui/Content/Player/Animations/Retargeted/anim_Turn180Run.uasset" 106
"../../../../../../Users/AbraChupaCabra/Documents/Unreal Projects/PartialSui/Content/Player/Animations/Retargeted/anim_Turn180Walk.uasset" 107
"../../../../../../Users/AbraChupaCabra/Documents/Unreal Projects/PartialSui/Content/Player/Animations/Retargeted/anim_FlyingKick.uasset" 108
"../../../../../../Users/AbraChupaCabra/Documents/Unreal Projects/PartialSui/Content/Player/Animations/Retargeted/montage_FlyingKick.uasset" 109
"../../../../../../Users/AbraChupaCabra/Documents/Unreal Projects/PartialSui/Content/Player/Animations/Retargeted/anim_flyingKneePunch.uasset" 110
"../../../../../../Users/AbraChupaCabra/Documents/Unreal Projects/PartialSui/Content/Player/Animations/Retargeted/montage_flyingKneePunch.uasset" 111
"../../../../../../Users/AbraChupaCabra/Documents/Unreal Projects/PartialSui/Content/Player/Animations/Retargeted/anim_idleJump.uasset" 112
"../../../../../../Users/AbraChupaCabra/Documents/Unreal Projects/PartialSui/Content/Player/Animations/Retargeted/montage_idleJump.uasset" 113
"../../../../../../Users/AbraChupaCabra/Documents/Unreal Projects/PartialSui/Content/Player/Animations/Retargeted/anim_kickFull.uasset" 114
"../../../../../../Users/AbraChupaCabra/Documents/Unreal Projects/PartialSui/Content/Player/Animations/Retargeted/montage_kickFull.uasset" 115
"../../../../../../Users/AbraChupaCabra/Documents/Unreal Projects/PartialSui/Content/Player/Animations/Retargeted/anim_kneeHit.uasset" 116
"../../../../../../Users/AbraChupaCabra/Documents/Unreal Projects/PartialSui/Content/Player/Animations/Retargeted/montage_kneeHit.uasset" 117
"../../../../../../Users/AbraChupaCabra/Documents/Unreal Projects/PartialSui/Content/Player/Animations/Retargeted/anim_RoundhouseKick.uasset" 118
"../../../../../../Users/AbraChupaCabra/Documents/Unreal Projects/PartialSui/Content/Player/Animations/Retargeted/montage_RoundhouseKick.uasset" 119
"../../../../../../Users/AbraChupaCabra/Documents/Unreal Projects/PartialSui/Content/Player/Animations/Retargeted/anim_SprintToClimb.uasset" 120
"../../../../../../Users/AbraChupaCabra/Documents/Unreal Projects/PartialSui/Content/Player/Animations/Retargeted/montage_sprintToClimb.uasset" 121
"../../../Engine/Content/EngineMaterials/T_Default_Material_Grid_N.uasset" 122
"../../../Engine/Content/EngineMaterials/T_Default_Material_Grid_M.uasset" 123
"../../../Engine/Content/Functions/Engine_MaterialFunctions01/Opacity/CameraDepthFade.uasset" 124
"../../../Engine/Content/EngineMaterials/WorldGridMaterial.uasset" 125
"../../../Engine/Content/ArtTools/RenderToTexture/Meshes/S_1_Unit_Plane.uasset" 126
"../../../Engine/Content/EngineMaterials/DefaultMaterial.uasset" 127
"../../../Engine/Content/BasicShapes/Cone.uasset" 128
"../../../Engine/Content/BasicShapes/Plane.uasset" 129
"../../../Engine/Content/BasicShapes/Sphere.uasset" 130
"../../../Engine/Content/EditorLandscapeResources/DataLayer.uasset" 131
"../../../Engine/Content/EditorLandscapeResources/DefaultAlphaTexture.uasset" 132
"../../../Engine/Content/EditorMaterials/MAT_Groups_Toggle.uasset" 133
"../../../Engine/Content/EditorMaterials/MAT_Groups_Visibility.uasset" 134
"../../../Engine/Content/EditorMaterials/PreviewShadowIndicator.uasset" 135
"../../../Engine/Content/EditorMaterials/PreviewShadowIndicatorMaterial.uasset" 136
"../../../Engine/Content/EditorMaterials/MatineeGroups/MAT_ColorTrack.uasset" 137
"../../../Engine/Content/EditorMaterials/MatineeGroups/MAT_Groups_Anim.uasset" 138
"../../../Engine/Content/EditorMaterials/MatineeGroups/MAT_Groups_AudioMaster.uasset" 139
"../../../Engine/Content/EditorMaterials/MatineeGroups/MAT_Groups_Director.uasset" 140
"../../../Engine/Content/EditorMaterials/MatineeGroups/MAT_Groups_Event.uasset" 141
"../../../Engine/Content/EditorMaterials/MatineeGroups/MAT_Groups_Fade.uasset" 142
"../../../Engine/Content/EditorMaterials/MatineeGroups/MAT_Groups_Float.uasset" 143
"../../../Engine/Content/EditorMaterials/MatineeGroups/MAT_Groups_Move.uasset" 144
"../../../Engine/Content/EditorMaterials/MatineeGroups/MAT_Groups_Slomo.uasset" 145
"../../../Engine/Content/EditorMaterials/MatineeGroups/MAT_Groups_Sound.uasset" 146
"../../../Engine/Content/EditorMaterials/MatineeGroups/MAT_Groups_Vector.uasset" 147
"../../../Engine/Content/EditorMaterials/ParticleSystems/PSysThumbnail_NoImage.uasset" 148
"../../../Engine/Content/EditorMaterials/ParticleSystems/PSysThumbnail_OOD.uasset" 149
"../../../Engine/Content/EditorMaterials/Camera/CineMat.uasset" 150
"../../../Engine/Content/EditorMaterials/Camera/MI_CineMat_Rig.uasset" 151
"../../../Engine/Content/EditorMeshes/Camera/SM_CraneRig_Arm.uasset" 152
"../../../Engine/Content/EditorMeshes/Camera/SM_CraneRig_Base.uasset" 153
"../../../Engine/Content/EditorMeshes/Camera/SM_CraneRig_Body.uasset" 154
"../../../Engine/Content/EditorMeshes/Camera/SM_CraneRig_Mount.uasset" 155
"../../../Engine/Content/EditorMeshes/Camera/SM_RailRig_Mount.uasset" 156
"../../../Engine/Content/EditorMeshes/Camera/SM_RailRig_Track.uasset" 157
"../../../Engine/Content/EditorResources/BSPVertex.uasset" 158
"../../../Engine/Content/EditorResources/EmptyActor.uasset" 159
"../../../Engine/Content/EditorResources/S_Actor.uasset" 160
"../../../Engine/Content/EditorResources/S_Note.uasset" 161
"../../../Engine/Content/EditorResources/S_Solver.uasset" 162
"../../../Engine/Content/EditorResources/S_Terrain.uasset" 163
"../../../Engine/Content/EditorResources/S_Trigger.uasset" 164
"../../../Engine/Content/EditorResources/LightIcons/S_LightError.uasset" 165
"../../../Engine/Content/EditorResources/SequenceRecorder/Countdown.uasset" 166
"../../../Engine/Content/EditorResources/SequenceRecorder/RecordingIndicator.uasset" 167
"../../../Engine/Content/EngineDamageTypes/DmgTypeBP_Environmental.uasset" 168
"../../../Engine/Content/EngineDebugMaterials/DebugEditorMaterial.uasset" 169
"../../../Engine/Content/EngineDebugMaterials/DebugMeshMaterial.uasset" 170
"../../../Engine/Content/EngineDebugMaterials/M_SimpleUnlitTranslucent.uasset" 171
"../../../Engine/Content/EngineDebugMaterials/VolumeToRender.uasset" 172
"../../../Engine/Content/Functions/Engine_MaterialFunctions02/Utility/CameraDirectionVector.uasset" 173
"../../../Engine/Content/EngineDebugMaterials/M_VolumeRenderSphereTracePP.uasset" 174
"../../../Engine/Content/Functions/Engine_MaterialFunctions01/Shading/ConvertFromDiffSpec.uasset" 175
"../../../Engine/Content/EngineDebugMaterials/VertexColorMaterial.uasset" 176
"../../../Engine/Content/EngineDebugMaterials/WireframeMaterial.uasset" 177
"../../../Engine/Content/EngineFonts/Faces/RobotoRegular.uasset" 178
"../../../Engine/Content/EngineFonts/Faces/RobotoLight.uasset" 179
"../../../Engine/Content/EngineFonts/Faces/RobotoItalic.uasset" 180
"../../../Engine/Content/EngineFonts/Faces/RobotoBoldItalic.uasset" 181
"../../../Engine/Content/EngineFonts/Faces/RobotoBold.uasset" 182
"../../../Engine/Content/EngineFonts/Faces/DroidSansFallback.uasset" 183
"../../../Engine/Content/EngineFonts/Roboto.uasset" 184
"../../../Engine/Content/EngineMaterials/BaseFlattenNormalMap.uasset" 185
"../../../Engine/Content/EngineMaterials/BaseFlattenGrayscaleMap.uasset" 186
"../../../Engine/Content/EngineMaterials/BaseFlattenEmissiveMap.uasset" 187
"../../../Engine/Content/EngineMaterials/BaseFlattenDiffuseMap.uasset" 188
"../../../Engine/Content/EngineMaterials/BaseFlattenMaterial.uasset" 189
"../../../Engine/Content/EngineMaterials/BlueNoise.uasset" 190
"../../../Engine/Content/EngineMaterials/DefaultBloomKernel.uasset" 191
"../../../Engine/Content/EngineMaterials/DefaultBokeh.uasset" 192
"../../../Engine/Content/EngineMaterials/DefaultDiffuse.uasset" 193
"../../../Engine/Content/EngineMaterials/DefaultDeferredDecalMaterial.uasset" 194
"../../../Engine/Content/EngineMaterials/DefaultLightFunctionMaterial.uasset" 195
"../../../Engine/Content/EngineMaterials/DefaultPhysicalMaterial.uasset" 196
"../../../Engine/Content/Functions/Engine_MaterialFunctions02/Utility/BreakOutFloat2Components.uasset" 197
"../../../Engine/Content/EngineMaterials/DefaultPostProcessMaterial.uasset" 198
"../../../Engine/Content/EngineFonts/RobotoDistanceField.uasset" 199
"../../../Engine/Content/EngineMaterials/DefaultTextMaterialOpaque.uasset" 200
"../../../Engine/Content/EngineMaterials/DefaultWhiteGrid.uasset" 201
"../../../Engine/Content/EngineMaterials/DefaultWhiteGrid_Low.uasset" 202
"../../../Engine/Content/EngineMaterials/EmissiveMeshMaterial.uasset" 203
"../../../Engine/Content/EngineMaterials/GizmoMaterial.uasset" 204
"../../../Engine/Content/EngineMaterials/Good64x64TilingNoiseHighFreq.uasset" 205
"../../../Engine/Content/EngineMaterials/MiniFont.uasset" 206
"../../../Engine/Content/EngineMaterials/InvalidLightmapSettings.uasset" 207
"../../../Engine/Content/EngineMaterials/M_InvalidLightmapSettings.uasset" 208
"../../../Engine/Content/Functions/Engine_MaterialFunctions02/WorldPositionOffset/CameraOffset.uasset" 209
"../../../Engine/Content/EngineMaterials/PhAT_JointLimitMaterial.uasset" 210
"../../../Engine/Content/EngineMaterials/PreintegratedSkinBRDF.uasset" 211
"../../../Engine/Content/EngineMaterials/RemoveSurfaceMaterial.uasset" 212
"../../../Engine/Content/EngineMaterials/WeightMapPlaceholderTexture.uasset" 213
"../../../Engine/Content/EngineResources/WhiteSquareTexture.uasset" 214
"../../../Engine/Content/EngineMaterials/Widget3DPassThrough.uasset" 215
"../../../Engine/Content/EngineMaterials/Widget3DPassThrough_Masked.uasset" 216
"../../../Engine/Content/EngineMaterials/Widget3DPassThrough_Opaque.uasset" 217
"../../../Engine/Content/EngineMaterials/Widget3DPassThrough_Masked_OneSided.uasset" 218
"../../../Engine/Content/EngineMaterials/Widget3DPassThrough_Opaque_OneSided.uasset" 219
"../../../Engine/Content/EngineMaterials/Widget3DPassThrough_Translucent.uasset" 220
"../../../Engine/Content/EngineMaterials/Widget3DPassThrough_Translucent_OneSided.uasset" 221
"../../../Engine/Content/EngineMeshes/Cylinder.uasset" 222
"../../../Engine/Content/EngineResources/Black.uasset" 223
"../../../Engine/Content/EngineResources/DefaultTextureCube.uasset" 224
"../../../Engine/Content/EngineResources/DefaultVolumeTexture2D.uasset" 225
"../../../Engine/Content/EngineResources/DefaultVolumeTexture.uasset" 226
"../../../Engine/Content/EngineResources/GradientTexture0.uasset" 227
"../../../Engine/Content/EngineSky/VolumetricClouds/T_NoiseShape64.uasset" 228
"../../../Engine/Content/EngineSky/VolumetricClouds/T_VolumeNoiseShape64.uasset" 229
"../../../Engine/Content/EngineSky/VolumetricClouds/T_NoiseErosion.uasset" 230
"../../../Engine/Content/EngineSky/VolumetricClouds/T_VolumeNoiseErosion32.uasset" 231
"../../../Engine/Content/EngineSky/VolumetricClouds/CloudWeatherTexture.uasset" 232
"../../../Engine/Content/EngineSky/VolumetricClouds/CloudGradientTexture.uasset" 233
"../../../Engine/Content/Functions/Engine_MaterialFunctions02/Utility/MakeFloat2.uasset" 234
"../../../Engine/Content/EngineSky/VolumetricClouds/m_SimpleVolumetricCloud.uasset" 235
"../../../Engine/Content/EngineSky/VolumetricClouds/m_SimpleVolumetricCloud_Inst.uasset" 236
"../../../Engine/Content/EngineSounds/Master.uasset" 237
"../../../Engine/Content/EngineMeshes/Sphere.uasset" 238
"../../../Engine/Content/Functions/Engine_MaterialFunctions01/Shading/PowerToRoughness.uasset" 239
"../../../Engine/Content/Maps/Templates/Thumbnails/Default.uasset" 240
"../../../Engine/Content/Maps/Templates/Thumbnails/TimeOfDay.uasset" 241
"../../../Engine/Content/Maps/Templates/Thumbnails/VR-Basic.uasset" 242
"../../../Engine/Content/MobileResources/T_MobileControls_texture.uasset" 243
"../../../Engine/Content/MobileResources/T_MobileMenu2.uasset" 244
"../../../Engine/Content/MobileResources/HUD/AnalogHat.uasset" 245
"../../../Engine/Content/MobileResources/HUD/VirtualJoystick_Thumb.uasset" 246
"../../../Engine/Content/MobileResources/HUD/VirtualJoystick_Background.uasset" 247
"../../../Engine/Content/MobileResources/HUD/DefaultVirtualJoysticks.uasset" 248
"../../../Engine/Content/MobileResources/HUD/LeftVirtualJoystickOnly.uasset" 249
"../../../Engine/Content/MobileResources/HUD/MobileHUDButton1_off.uasset" 250
"../../../Engine/Content/MobileResources/HUD/MobileHUDButton1_on.uasset" 251
"../../../Engine/Content/MobileResources/HUD/MobileHUDButton2_off.uasset" 252
"../../../Engine/Content/MobileResources/HUD/MobileHUDButton2_on.uasset" 253
"../../../Engine/Content/MobileResources/HUD/MobileHUDButton3.uasset" 254
"../../../Engine/Content/MobileResources/HUD/MobileHUDButtonFire.uasset" 255
"../../../Engine/Content/MobileResources/HUD/MobileHUDDirectionPad.uasset" 256
"../../../Engine/Content/MobileResources/HUD/MobileHUDDirectionPad2.uasset" 257
"../../../Engine/Content/MobileResources/HUD/MobileHUDDirectionPad3.uasset" 258
"../../../Engine/Content/MobileResources/HUD/MobileHUDDirectionStick.uasset" 259
"../../../Engine/Content/MobileResources/HUD/T_Castle_ThumbstickInner.uasset" 260
"../../../Engine/Content/MobileResources/HUD/T_Castle_ThumbstickOutter.uasset" 261
"../../../Engine/Content/Tutorial/ContentIntroCurve.uasset" 262
"../../../Engine/Content/Tutorial/Basics/LevelEditorAttract.uasset" 263
"../../../Engine/Content/Tutorial/BlueprintTutorials/TutorialAssets/Blueprint_64x.uasset" 264
"../../../Engine/Content/Tutorial/BlueprintTutorials/BlueprintEditorTutorial.uasset" 265
"../../../Engine/Content/VREditor/TransformGizmo/TranslucentTransformGizmoMaterial.uasset" 266
"../../../Engine/Content/VREditor/LaserPointer/VR_LaserPower_01.uasset" 267
"../../../Engine/Content/VREditor/TransformGizmo/TransformGizmoMaterial.uasset" 268
"../../../Engine/Content/VREditor/TransformGizmo/BoundingBoxCorner.uasset" 269
"../../../Engine/Content/VREditor/TransformGizmo/BoundingBoxEdge.uasset" 270
"../../../Engine/Content/VREditor/TransformGizmo/PlaneTranslationHandle.uasset" 271
"../../../Engine/Content/VREditor/TransformGizmo/Xray.uasset" 272
"../../../Engine/Content/VREditor/TransformGizmo/Main.uasset" 273
"../../../Engine/Content/VREditor/TransformGizmo/SM_Sequencer_Key.uasset" 274
"../../../Engine/Content/VREditor/TransformGizmo/SM_Sequencer_Node.uasset" 275
"../../Plugins/2D/Paper2D/Content/PlaceholderTextures/DummySpriteTexture.uasset" 276
"../../Plugins/2D/Paper2D/Content/DummySprite.uasset" 277
"../../Plugins/2D/Paper2D/Content/DefaultPaperTerrainMaterial.uasset" 278
"../../Plugins/2D/Paper2D/Content/DefaultSpriteMaterial.uasset" 279
"../../Plugins/2D/Paper2D/Content/MaskedUnlitSpriteMaterial.uasset" 280
"../../Plugins/2D/Paper2D/Content/OpaqueUnlitSpriteMaterial.uasset" 281
"../../../Engine/Content/BasicShapes/Cylinder.uasset" 282
"../../../Engine/Content/ArtTools/RenderToTexture/Materials/Debug/M_Emissive_Color.uasset" 283
"../../Plugins/Lumin/MagicLeapPassableWorld/Content/MagicLeapARPinInfoActor.uasset" 284
"../../../Engine/Content/Functions/Engine_MaterialFunctions02/Utility/BreakOutFloat3Components.uasset" 285
"../../Plugins/Editor/SpeedTreeImporter/Content/SpeedTree9/UnpackInteger3.uasset" 286
"../../Plugins/Editor/SpeedTreeImporter/Content/SpeedTree9/UnpackDirection.uasset" 287
"../../Plugins/Editor/SpeedTreeImporter/Content/SpeedTree9/game_wind_noise.uasset" 288
"../../../Engine/Content/Functions/Engine_MaterialFunctions02/SafeNormalize.uasset" 289
"../../Plugins/Editor/SpeedTreeImporter/Content/SpeedTree9/SpeedTreeWindMotion.uasset" 290
"../../Plugins/Editor/SpeedTreeImporter/Content/SpeedTree9/SpeedTreeBranchMotion.uasset" 291
"../../../Engine/Content/Functions/Engine_MaterialFunctions02/ObjectLocalBounds.uasset" 292
"../../../Engine/Content/Functions/Engine_MaterialFunctions02/UVs/BoundingBoxBased_0-1_UVW.uasset" 293
"../../Plugins/Editor/SpeedTreeImporter/Content/SpeedTree9/SpeedTreeWind.uasset" 294
"../../Plugins/Editor/SpeedTreeImporter/Content/SpeedTree9/SpeedTreeBillboard.uasset" 295
"../../../Engine/Content/EngineResources/DefaultTexture.uasset" 296
"../../Plugins/Editor/SpeedTreeImporter/Content/SpeedTree9/SpeedTreeBillboardMaster.uasset" 297
"../../Plugins/Editor/SpeedTreeImporter/Content/SpeedTree9/SpeedTreeCameraFacing.uasset" 298
"../../Plugins/Editor/SpeedTreeImporter/Content/SpeedTree9/SpeedTreeMaster.uasset" 299
"../../../Engine/Content/Functions/Engine_MaterialFunctions02/Utility/BreakOutFloat4Components.uasset" 300
"../../../Engine/Content/Functions/Engine_MaterialFunctions02/Utility/MakeFloat3.uasset" 301
"../../Plugins/Runtime/Oculus/OculusVR/Content/Materials/OculusMR_ChromaKey.uasset" 302
"../../Plugins/Runtime/Oculus/OculusVR/Content/Materials/OculusMR_OpaqueColoredMaterial.uasset" 303
"../../Plugins/Runtime/Oculus/OculusVR/Content/Materials/PokeAHoleMaterial.uasset" 304
"../../../Engine/Content/MapTemplates/SM_Template_Map_Floor.uasset" 305
"../../../../../../Users/AbraChupaCabra/Documents/Unreal Projects/PartialSui/Content/Player/Animations/Retargeted/anim_rollSprint.uasset" 306
"../../../../../../Users/AbraChupaCabra/Documents/Unreal Projects/PartialSui/Content/Player/Animations/Retargeted/montage_rollSprint.uasset" 307
"../../../../../../Users/AbraChupaCabra/Documents/Unreal Projects/PartialSui/Content/Player/Animations/Retargeted/anim_KneeLight.uasset" 308
"../../../../../../Users/AbraChupaCabra/Documents/Unreal Projects/PartialSui/Content/Player/Animations/Retargeted/montage_kneeLight.uasset" 309
"../../../../../../Users/AbraChupaCabra/Documents/Unreal Projects/PartialSui/Content/Player/Animations/Retargeted/anim_kickStraight.uasset" 310
"../../../../../../Users/AbraChupaCabra/Documents/Unreal Projects/PartialSui/Content/Player/Animations/Retargeted/montage_kickStraight.uasset" 311
"../../../../../../Users/AbraChupaCabra/Documents/Unreal Projects/PartialSui/Content/Player/Animations/Retargeted/anim_punchJab.uasset" 312
"../../../../../../Users/AbraChupaCabra/Documents/Unreal Projects/PartialSui/Content/Player/Animations/Retargeted/montage_jabPunch.uasset" 313
"../../../../../../Users/AbraChupaCabra/Documents/Unreal Projects/PartialSui/Content/Player/Animations/Retargeted/anim_ElbowHit.uasset" 314
"../../../../../../Users/AbraChupaCabra/Documents/Unreal Projects/PartialSui/Content/Player/Animations/Retargeted/montage_ElbowHit.uasset" 315
"../../../../../../Users/AbraChupaCabra/Documents/Unreal Projects/PartialSui/Content/Player/Animations/Retargeted/anim_punchCross.uasset" 316
"../../../../../../Users/AbraChupaCabra/Documents/Unreal Projects/PartialSui/Content/Player/Animations/Retargeted/montage_crossPunch.uasset" 317
"../../../../../../Users/AbraChupaCabra/Documents/Unreal Projects/PartialSui/Content/Player/Animations/Retargeted/anim_jumpLand.uasset" 318
"../../../../../../Users/AbraChupaCabra/Documents/Unreal Projects/PartialSui/Content/Player/Animations/Retargeted/anim_jumpInitial.uasset" 319
"../../../../../../Users/AbraChupaCabra/Documents/Unreal Projects/PartialSui/Content/Player/Animations/Retargeted/anim_jumpAir.uasset" 320
"../../../../../../Users/AbraChupaCabra/Documents/Unreal Projects/PartialSui/Content/Player/Animations/Retargeted/anim_RunningOctance.uasset" 321
"../../../../../../Users/AbraChupaCabra/Documents/Unreal Projects/PartialSui/Content/Player/Animations/Retargeted/anim_lightRun.uasset" 322
"../../../../../../Users/AbraChupaCabra/Documents/Unreal Projects/PartialSui/Content/Player/Animations/Retargeted/anim_Idle.uasset" 323
"../../../../../../Users/AbraChupaCabra/Documents/Unreal Projects/PartialSui/Content/Player/BS_Movement.uasset" 324
"../../../../../../Users/AbraChupaCabra/Documents/Unreal Projects/PartialSui/Content/Player/Animations/Retargeted/anim_runningJump.uasset" 325
"../../../../../../Users/AbraChupaCabra/Documents/Unreal Projects/PartialSui/Content/Player/enum_playerStates.uasset" 326
"../../../../../../Users/AbraChupaCabra/Documents/Unreal Projects/PartialSui/Content/Player/animBP_Player.uasset" 327
"../../../Engine/Content/EditorBlueprintResources/StandardMacros.uasset" 328
"../../../../../../Users/AbraChupaCabra/Documents/Unreal Projects/PartialSui/Content/Interaces/i_damage.uasset" 329
"../../Plugins/FX/Niagara/Content/Enums/ENiagaraCoordinateSpace.uasset" 330
"../../Plugins/FX/Niagara/Content/Functions/Localspace/TransformBase.uasset" 331
"../../Plugins/FX/Niagara/Content/Functions/Localspace/TransformPosition.uasset" 332
"../../Plugins/FX/Niagara/Content/Functions/PointToLineSegmentDistance.uasset" 333
"../../Plugins/FX/Niagara/Content/Functions/DirectionAndLengthSafe.uasset" 334
"../../Plugins/FX/Niagara/Content/Functions/NormalizeDistanceRange.uasset" 335
"../../Plugins/FX/Niagara/Content/Functions/DistanceBasedFalloff.uasset" 336
"../../Plugins/FX/Niagara/Content/Functions/Localspace/SimulationPosition.uasset" 337
"../../Plugins/FX/Niagara/Content/Modules/Update/Forces/LineAttractionForce.uasset" 338
"../../Plugins/FX/Niagara/Content/Functions/System/SystemChangeState.uasset" 339
"../../Plugins/FX/Niagara/Content/Enums/ENiagaraSystemInactiveMode.uasset" 340
"../../Plugins/FX/Niagara/Content/Enums/ENiagara_EmitterStateOptions.uasset" 341
"../../Plugins/FX/Niagara/Content/Modules/System/SystemState.uasset" 342
"../../Plugins/FX/Niagara/Content/Enums/ENiagaraVertexSamplingMode.uasset" 343
"../../Plugins/FX/Niagara/Content/Enums/ENiagaraTriangleSamplingMode.uasset" 344
"../../Plugins/FX/Niagara/Content/Enums/ENiagaraSocketSamplingMode.uasset" 345
"../../Plugins/FX/Niagara/Content/Enums/ENiagaraSkelSamplingModeFull.uasset" 346
"../../Plugins/FX/Niagara/Content/Enums/ENiagaraScaleColorMode.uasset" 347
"../../Plugins/FX/Niagara/Content/Enums/ENiagaraRandomnessMode.uasset" 348
"../../Plugins/FX/Niagara/Content/Enums/ENiagaraRandomnessEvaluation.uasset" 349
"../../Plugins/FX/Niagara/Content/Enums/ENiagaraMeshTransforms.uasset" 350
"../../Plugins/FX/Niagara/Content/Enums/ENiagaraInactiveMode.uasset" 351
"../../Plugins/FX/Niagara/Content/Enums/ENiagaraEmitterScalabilityMode_Limited.uasset" 352
"../../Plugins/FX/Niagara/Content/Enums/ENiagaraEmitterLifeCycleMode.uasset" 353
"../../Plugins/FX/Niagara/Content/Enums/ENiagaraChannelCorrelation.uasset" 354
"../../Plugins/FX/Niagara/Content/Enums/ENiagaraBoneSocketSamplingMode.uasset" 355
"../../Plugins/FX/Niagara/Content/Enums/ENiagaraBoneSamplingMode.uasset" 356
"../../Plugins/FX/Niagara/Content/Enums/ENiagara_UVFlippingMode.uasset" 357
"../../Plugins/FX/Niagara/Content/Enums/ENiagara_SpriteRotationMode.uasset" 358
"../../Plugins/FX/Niagara/Content/Enums/ENiagara_SizeScaleMode.uasset" 359
"../../Plugins/FX/Niagara/Content/Enums/ENiagara_MassInitializationMode.uasset" 360
"../../Plugins/FX/Niagara/Content/Enums/ENiagara_LifetimeMode.uasset" 361
"../../Plugins/FX/Niagara/Content/Enums/ENiagara_InfiniteLoopDuration.uasset" 362
"../../Plugins/FX/Niagara/Content/Enums/ENiagara_ColorInitializationMode.uasset" 363
"../../Plugins/FX/Niagara/Content/Modules/Update/Size/ScaleSpriteSize.uasset" 364
"../../Plugins/FX/Niagara/Content/Modules/Update/Lifetime/ParticleState.uasset" 365
"../../Plugins/FX/Niagara/Content/Functions/Localspace/TransformVector.uasset" 366
"../../Plugins/FX/Niagara/Content/Modules/Update/Forces/AccelerationForce.uasset" 367
"../../Plugins/FX/Niagara/Content/Modules/Update/Color/ScaleColor.uasset" 368
"../../Plugins/FX/Niagara/Content/Modules/Spawn/Velocity/AddVelocity.uasset" 369
"../../Plugins/FX/Niagara/Content/Functions/Rotation/MatrixToQuaternion.uasset" 370
"../../Plugins/FX/Niagara/Content/Functions/Rotation/MakeQuaternionFrom3BasisVectors.uasset" 371
"../../Plugins/FX/Niagara/Content/Functions/Rotation/MultiplyVectorWithQuaternion.uasset" 372
"../../Plugins/FX/Niagara/Content/Functions/GetRandomInfo.uasset" 373
"../../Plugins/FX/Niagara/Content/Functions/Rotation/InvertQuaternion.uasset" 374
"../../Plugins/FX/Niagara/Content/Functions/Rotation/MultiplyQuaternion.uasset" 375
"../../Plugins/FX/Niagara/Content/Modules/Spawn/Location/V2/SkeletalMeshLocation.uasset" 376
"../../Plugins/FX/Niagara/Content/Functions/V2/CalculateRandomRange.uasset" 377
"../../Plugins/FX/Niagara/Content/Functions/V2/CalculateRandomRangeFloat.uasset" 378
"../../Plugins/FX/Niagara/Content/Functions/LinearColor/HueShiftLinearColor.uasset" 379
"../../Plugins/FX/Niagara/Content/Functions/V2/CalculateRandomRangeInteger.uasset" 380
"../../Plugins/FX/Niagara/Content/Functions/V2/CalculateRandomBool.uasset" 381
"../../Plugins/FX/Niagara/Content/Enums/ENiagara_PositionInitializationMode.uasset" 382
"../../Plugins/FX/Niagara/Content/Modules/Spawn/Initialization/V2/InitializeParticle.uasset" 383
"../../Plugins/FX/Niagara/Content/Modules/Solvers/SolveForcesAndVelocity.uasset" 384
"../../Plugins/FX/Niagara/Content/Modules/Solvers/ApplyInitialForces.uasset" 385
"../../Plugins/FX/Niagara/Content/Functions/RandomRangeFloat.uasset" 386
"../../Plugins/FX/Niagara/Content/Modules/Emitter/SpawnRate.uasset" 387
"../../Plugins/FX/Niagara/Content/Enums/ENiagaraExecutionStateManagement.uasset" 388
"../../Plugins/FX/Niagara/Content/Functions/Emitter/EmitterChangeState.uasset" 389
"../../Plugins/FX/Niagara/Content/Modules/Emitter/EmitterState.uasset" 390
"../../Plugins/FX/Niagara/Content/DynamicInputs/ValueFromCurve/Vector4FromCurve.uasset" 391
"../../Plugins/FX/Niagara/Content/DynamicInputs/UniformRange/V2/RandomRangeVector.uasset" 392
"../../Plugins/FX/Niagara/Content/DynamicInputs/ScaleByCurve/ScaleVector2DByCurve.uasset" 393
"../../../../../../Users/AbraChupaCabra/Documents/Unreal Projects/PartialSui/Content/materials/flameball/flameball.uasset" 394
"../../../../../../Users/AbraChupaCabra/Documents/Unreal Projects/PartialSui/Content/materials/flameball/m_flameball.uasset" 395
"../../../../../../Users/AbraChupaCabra/Documents/Unreal Projects/PartialSui/Content/materials/flameball/mi_flameball.uasset" 396
"../../../../../../Users/AbraChupaCabra/Documents/Unreal Projects/PartialSui/Content/Player/PN_LowpolyGras/UE4_ThirdPerson/Mannequin/Character/Mesh/SK_Mannequin_PhysicsAsset.uasset" 397
"../../../../../../Users/AbraChupaCabra/Documents/Unreal Projects/PartialSui/Content/Player/PN_LowpolyGras/UE4_ThirdPerson/Mannequin/Character/Materials/MaterialLayers/T_ML_Rubber_Blue_01_N.uasset" 398
"../../../Engine/Content/Functions/Engine_MaterialFunctions02/Utility/BlendAngleCorrectedNormals.uasset" 399
"../../../Engine/Content/Functions/MaterialLayerFunctions/MatLayerBlend_NormalBlend.uasset" 400
"../../../Engine/Content/Functions/MaterialLayerFunctions/MatLayerBlend_Simple.uasset" 401
"../../../../../../Users/AbraChupaCabra/Documents/Unreal Projects/PartialSui/Content/Player/PN_LowpolyGras/UE4_ThirdPerson/Mannequin/Character/Materials/MaterialLayers/T_ML_Rubber_Blue_01_D.uasset" 402
"../../../../../../Users/AbraChupaCabra/Documents/Unreal Projects/PartialSui/Content/Player/PN_LowpolyGras/UE4_ThirdPerson/Mannequin/Character/Materials/MaterialLayers/ML_GlossyBlack_Latex_UE4.uasset" 403
"../../../../../../Users/AbraChupaCabra/Documents/Unreal Projects/PartialSui/Content/Player/PN_LowpolyGras/UE4_ThirdPerson/Mannequin/Character/Materials/MaterialLayers/ML_Plastic_Shiny_Beige.uasset" 404
"../../../../../../Users/AbraChupaCabra/Documents/Unreal Projects/PartialSui/Content/Player/PN_LowpolyGras/UE4_ThirdPerson/Mannequin/Character/Textures/UE4_LOGO_CARD.uasset" 405
"../../../../../../Users/AbraChupaCabra/Documents/Unreal Projects/PartialSui/Content/Player/PN_LowpolyGras/UE4_ThirdPerson/Mannequin/Character/Materials/MaterialLayers/ML_Plastic_Shiny_Beige_LOGO.uasset" 406
"../../../../../../Users/AbraChupaCabra/Documents/Unreal Projects/PartialSui/Content/Player/PN_LowpolyGras/UE4_ThirdPerson/Mannequin/Character/Materials/MaterialLayers/T_ML_Aluminum01.uasset" 407
"../../../../../../Users/AbraChupaCabra/Documents/Unreal Projects/PartialSui/Content/Player/PN_LowpolyGras/UE4_ThirdPerson/Mannequin/Character/Materials/MaterialLayers/T_ML_Aluminum01_N.uasset" 408
"../../../../../../Users/AbraChupaCabra/Documents/Unreal Projects/PartialSui/Content/Player/PN_LowpolyGras/UE4_ThirdPerson/Mannequin/Character/Materials/MaterialLayers/ML_SoftMetal_UE4.uasset" 409
"../../../../../../Users/AbraChupaCabra/Documents/Unreal Projects/PartialSui/Content/Player/PN_LowpolyGras/UE4_ThirdPerson/Mannequin/Character/Textures/UE4_Mannequin__normals.uasset" 410
"../../../../../../Users/AbraChupaCabra/Documents/Unreal Projects/PartialSui/Content/Player/PN_LowpolyGras/UE4_ThirdPerson/Mannequin/Character/Textures/UE4_Mannequin_MAT_MASKA.uasset" 411
"../../../../../../Users/AbraChupaCabra/Documents/Unreal Projects/PartialSui/Content/Player/PN_LowpolyGras/UE4_ThirdPerson/Mannequin/Character/Materials/M_UE4Man_Body.uasset" 412
"../../../../../../Users/AbraChupaCabra/Documents/Unreal Projects/PartialSui/Content/Player/PN_LowpolyGras/UE4_ThirdPerson/Mannequin/Character/Textures/UE4Man_Logo_N.uasset" 413
"../../../../../../Users/AbraChupaCabra/Documents/Unreal Projects/PartialSui/Content/Player/PN_LowpolyGras/UE4_ThirdPerson/Mannequin/Character/Materials/M_UE4Man_ChestLogo.uasset" 414
"../../../../../../Users/AbraChupaCabra/Documents/Unreal Projects/PartialSui/Content/Player/PN_LowpolyGras/UE4_ThirdPerson/Mannequin/Character/Mesh/SK_Mannequin.uasset" 415
"../../../../../../Users/AbraChupaCabra/Documents/Unreal Projects/PartialSui/Content/FX/ne_flames.uasset" 416
"../../../../../../Users/AbraChupaCabra/Documents/Unreal Projects/PartialSui/Content/FX/ns_flames.uasset" 417
"../../../../../../Users/AbraChupaCabra/Documents/Unreal Projects/PartialSui/Content/bp_functions.uasset" 418
"../../../../../../Users/AbraChupaCabra/Documents/Unreal Projects/PartialSui/Content/Player/Animations/Retargeted/montage_runningJump.uasset" 419
"../../../../../../Users/AbraChupaCabra/Documents/Unreal Projects/PartialSui/Content/Player/Animations/Retargeted/anim_roll.uasset" 420
"../../../../../../Users/AbraChupaCabra/Documents/Unreal Projects/PartialSui/Content/Player/Animations/Retargeted/montage_roll.uasset" 421
"../../../../../../Users/AbraChupaCabra/Documents/Unreal Projects/PartialSui/Content/Player/MyPlayerChar.uasset" 422
"../../../../../../Users/AbraChupaCabra/Documents/Unreal Projects/PartialSui/Content/gm_mine.uasset" 423
"../../../Engine/Content/EngineSky/T_Sky_Blue.uasset" 424
"../../../Engine/Content/EngineSky/T_Sky_Clouds_M.uasset" 425
"../../../Engine/Content/EngineSky/T_Sky_Stars.uasset" 426
"../../../Engine/Content/EngineSky/M_Sky_Panning_Clouds2.uasset" 427
"../../../Engine/Content/EngineSky/SM_SkySphere.uasset" 428
"../../../Engine/Content/EngineSky/C_Sky_Zenith_Color.uasset" 429
"../../../Engine/Content/EngineSky/C_Sky_Horizon_Color.uasset" 430
"../../../Engine/Content/EngineSky/C_Sky_Cloud_Color.uasset" 431
"../../../Engine/Content/EngineSky/BP_Sky_Sphere.uasset" 432
"../../../../../../Users/AbraChupaCabra/Documents/Unreal Projects/PartialSui/Content/NewMap_BuiltData.uasset" 433
"../../../../../../Users/AbraChupaCabra/Documents/Unreal Projects/PartialSui/Content/NewMap.umap" 434
"../../../Engine/Content/BasicShapes/Cube.uasset" 435
"../../../Engine/Content/BasicShapes/BasicShapeMaterial.uasset" 436
"../../../../../../Users/AbraChupaCabra/Documents/Unreal Projects/PartialSui/Content/blockOutMap_BuiltData.uasset" 437
"../../../../../../Users/AbraChupaCabra/Documents/Unreal Projects/PartialSui/Content/NPC/enum_AIStates.uasset" 438
"../../../../../../Users/AbraChupaCabra/Documents/Unreal Projects/PartialSui/Content/NPC/tasks/task_dieAlready.uasset" 439
"../../../../../../Users/AbraChupaCabra/Documents/Unreal Projects/PartialSui/Content/NPC/tasks/task_setState.uasset" 440
"../../../../../../Users/AbraChupaCabra/Documents/Unreal Projects/PartialSui/Content/NPC/npc_bb.uasset" 441
"../../../../../../Users/AbraChupaCabra/Documents/Unreal Projects/PartialSui/Content/NPC/BTs/bt_recovering.uasset" 442
"../../../../../../Users/AbraChupaCabra/Documents/Unreal Projects/PartialSui/Content/NPC/BTs/bt_idle.uasset" 443
"../../../../../../Users/AbraChupaCabra/Documents/Unreal Projects/PartialSui/Content/NPC/Contexts/context_Player.uasset" 444
"../../../../../../Users/AbraChupaCabra/Documents/Unreal Projects/PartialSui/Content/NPC/EQS/npc_eqsAttackLoc.uasset" 445
"../../../../../../Users/AbraChupaCabra/Documents/Unreal Projects/PartialSui/Content/NPC/tasks/task_focusOnTarget.uasset" 446
"../../../../../../Users/AbraChupaCabra/Documents/Unreal Projects/PartialSui/Content/NPC/BTs/bt_holding.uasset" 447
"../../../../../../Users/AbraChupaCabra/Documents/Unreal Projects/PartialSui/Content/materials/exclmMark.uasset" 448
"../../../../../../Users/AbraChupaCabra/Documents/Unreal Projects/PartialSui/Content/NPC/w_exclaimMark.uasset" 449
"../../../../../../Users/AbraChupaCabra/Documents/Unreal Projects/PartialSui/Content/NPC/NPCAnim/retargeted/anim_hitLight.uasset" 450
"../../../../../../Users/AbraChupaCabra/Documents/Unreal Projects/PartialSui/Content/NPC/NPCAnim/animBP_NPC.uasset" 451
"../../../../../../Users/AbraChupaCabra/Documents/Unreal Projects/PartialSui/Content/materials/m_exclmMrk.uasset" 452
"../../../../../../Users/AbraChupaCabra/Documents/Unreal Projects/PartialSui/Content/materials/mi_exclmMark.uasset" 453
"../../../../../../Users/AbraChupaCabra/Documents/Unreal Projects/PartialSui/Content/NPC/npc_actor.uasset" 454
"../../../../../../Users/AbraChupaCabra/Documents/Unreal Projects/PartialSui/Content/NPC/tasks/task_exclaimMark.uasset" 455
"../../../../../../Users/AbraChupaCabra/Documents/Unreal Projects/PartialSui/Content/NPC/tasks/task_attack.uasset" 456
"../../../../../../Users/AbraChupaCabra/Documents/Unreal Projects/PartialSui/Content/NPC/BTs/bt_attacking.uasset" 457
"../../../../../../Users/AbraChupaCabra/Documents/Unreal Projects/PartialSui/Content/NPC/BTs/npc_btMain.uasset" 458
"../../../../../../Users/AbraChupaCabra/Documents/Unreal Projects/PartialSui/Content/NPC/npc_ai.uasset" 459
"../../../../../../Users/AbraChupaCabra/Documents/Unreal Projects/PartialSui/Content/NPC/w_debugEnemy.uasset" 460
"../../../../../../Users/AbraChupaCabra/Documents/Unreal Projects/PartialSui/Content/NPC/ai_director.uasset" 461
"../../../../../../Users/AbraChupaCabra/Documents/Unreal Projects/PartialSui/Content/blockOutMap.umap" 462
"../../../Engine/Content/Maps/Entry_BuiltData.uasset" 463
"../../../Engine/Content/Maps/Entry.umap" 464
